TN:
SF:d:\Personal\code\farkle\webpack.config.js
FN:59,(anonymous_0)
FNF:1
FNH:0
FNDA:0,(anonymous_0)
DA:1,0
DA:2,0
DA:3,0
DA:4,0
DA:5,0
DA:6,0
DA:8,0
DA:9,0
DA:11,0
DA:15,0
DA:20,0
DA:21,0
DA:59,0
LF:13
LH:0
BRF:0
BRH:0
end_of_record
TN:
SF:d:\Personal\code\farkle\src\components\app\browserHistory.js
FNF:0
FNH:0
LF:0
LH:0
BRF:0
BRH:0
end_of_record
TN:
SF:d:\Personal\code\farkle\src\config\icons.build.js
FN:10,(anonymous_0)
FN:12,(anonymous_1)
FN:14,(anonymous_2)
FN:17,(anonymous_3)
FNF:4
FNH:0
FNDA:0,(anonymous_0)
FNDA:0,(anonymous_1)
FNDA:0,(anonymous_2)
FNDA:0,(anonymous_3)
DA:1,0
DA:2,0
DA:3,0
DA:4,0
DA:5,0
DA:7,0
DA:10,0
DA:11,0
DA:12,0
DA:13,0
DA:14,0
DA:16,0
DA:17,0
DA:18,0
DA:23,0
LF:15
LH:0
BRF:0
BRH:0
end_of_record
TN:
SF:d:\Personal\code\farkle\src\config\icons.createComponents.js
FN:4,(anonymous_0)
FN:8,(anonymous_1)
FN:13,(anonymous_2)
FN:38,(anonymous_3)
FN:61,(anonymous_4)
FN:63,(anonymous_5)
FNF:6
FNH:0
FNDA:0,(anonymous_0)
FNDA:0,(anonymous_1)
FNDA:0,(anonymous_2)
FNDA:0,(anonymous_3)
FNDA:0,(anonymous_4)
FNDA:0,(anonymous_5)
DA:1,0
DA:2,0
DA:4,0
DA:8,0
DA:13,0
DA:27,0
DA:38,0
DA:61,0
DA:62,0
DA:63,0
DA:64,0
DA:65,0
DA:66,0
DA:67,0
DA:68,0
DA:69,0
DA:84,0
DA:85,0
DA:87,0
DA:93,0
DA:98,0
DA:103,0
DA:109,0
LF:23
LH:0
BRDA:74,0,0,0
BRDA:74,0,1,0
BRDA:75,1,0,0
BRDA:75,1,1,0
BRDA:76,2,0,0
BRDA:76,2,1,0
BRDA:77,3,0,0
BRDA:77,3,1,0
BRDA:78,4,0,0
BRDA:78,4,1,0
BRDA:79,5,0,0
BRDA:79,5,1,0
BRDA:80,6,0,0
BRDA:80,6,1,0
BRDA:81,7,0,0
BRDA:81,7,1,0
BRDA:82,8,0,0
BRDA:82,8,1,0
BRF:18
BRH:0
end_of_record
TN:
SF:d:\Personal\code\farkle\src\config\icons.optimize.js
FN:9,(anonymous_0)
FN:12,(anonymous_1)
FN:15,(anonymous_2)
FN:17,(anonymous_3)
FN:25,(anonymous_4)
FN:35,(anonymous_5)
FNF:6
FNH:0
FNDA:0,(anonymous_0)
FNDA:0,(anonymous_1)
FNDA:0,(anonymous_2)
FNDA:0,(anonymous_3)
FNDA:0,(anonymous_4)
FNDA:0,(anonymous_5)
DA:1,0
DA:2,0
DA:3,0
DA:4,0
DA:6,0
DA:9,0
DA:12,0
DA:13,0
DA:14,0
DA:15,0
DA:16,0
DA:17,0
DA:18,0
DA:19,0
DA:22,0
DA:23,0
DA:26,0
DA:32,0
DA:33,0
DA:37,0
DA:43,0
LF:21
LH:0
BRDA:18,0,0,0
BRDA:18,0,1,0
BRDA:32,1,0,0
BRDA:32,1,1,0
BRF:4
BRH:0
end_of_record
TN:
SF:d:/Personal/code/farkle/src/config/polyfills.js
FN:3,(anonymous_0)
FN:6,(anonymous_1)
FNF:2
FNH:0
FNDA:0,(anonymous_0)
FNDA:0,(anonymous_1)
DA:3,0
DA:4,0
DA:5,0
DA:6,0
DA:13,1
DA:14,1
DA:16,1
LF:7
LH:3
BRDA:16,0,0,1
BRDA:16,0,1,0
BRF:2
BRH:1
end_of_record
TN:
SF:d:\Personal\code\farkle\src\locales\i18n.js
FN:5,(anonymous_0)
FN:25,(anonymous_1)
FNF:2
FNH:0
FNDA:0,(anonymous_0)
FNDA:0,(anonymous_1)
DA:6,0
DA:26,0
DA:27,0
LF:3
LH:0
BRF:0
BRH:0
end_of_record
TN:
SF:d:\Personal\code\farkle\src\locales\keys.js
FNF:0
FNH:0
LF:0
LH:0
BRF:0
BRH:0
end_of_record
TN:
SF:d:\Personal\code\farkle\src\redux\combinedReducers.js
FNF:0
FNH:0
LF:0
LH:0
BRF:0
BRH:0
end_of_record
TN:
SF:d:\Personal\code\farkle\src\redux\store.js
FNF:0
FNH:0
DA:8,0
DA:11,0
LF:2
LH:0
BRF:0
BRH:0
end_of_record
TN:
SF:d:/Personal/code/farkle/src/redux/game/game.actions.js
FN:3,(anonymous_0)
FN:8,(anonymous_1)
FN:8,(anonymous_2)
FN:14,(anonymous_3)
FNF:4
FNH:0
FNDA:0,(anonymous_0)
FNDA:0,(anonymous_1)
FNDA:0,(anonymous_2)
FNDA:0,(anonymous_3)
DA:1,1
DA:3,1
DA:8,1
DA:14,1
LF:4
LH:4
BRF:0
BRH:0
end_of_record
TN:
SF:d:/Personal/code/farkle/src/redux/game/game.helper.js
FN:15,(anonymous_1)
FN:18,(anonymous_2)
FN:24,(anonymous_5)
FN:24,(anonymous_6)
FN:27,(anonymous_7)
FN:41,(anonymous_8)
FN:50,(anonymous_9)
FN:52,(anonymous_10)
FN:52,(anonymous_11)
FN:59,(anonymous_12)
FN:62,(anonymous_13)
FN:70,(anonymous_14)
FNF:12
FNH:12
FNDA:26,(anonymous_1)
FNDA:73,(anonymous_2)
FNDA:68,(anonymous_5)
FNDA:25,(anonymous_6)
FNDA:65,(anonymous_7)
FNDA:150,(anonymous_8)
FNDA:150,(anonymous_9)
FNDA:5,(anonymous_10)
FNDA:2,(anonymous_11)
FNDA:1,(anonymous_12)
FNDA:6,(anonymous_13)
FNDA:6,(anonymous_14)
DA:12,1
DA:18,52
DA:21,26
DA:24,66
DA:25,68
DA:26,68
DA:27,26
DA:30,65
DA:31,25
DA:32,25
DA:36,150
DA:39,5
DA:40,25
DA:41,25
DA:42,100
DA:43,3
DA:44,100
DA:45,0
DA:47,25
DA:50,175
DA:52,23
DA:53,2
DA:54,25
DA:56,1
DA:59,1
DA:60,2
DA:61,1
DA:62,2
DA:63,1
DA:66,1
DA:67,1
DA:70,7
DA:72,1
LF:33
LH:32
BRDA:12,0,0,1
BRDA:12,0,1,1
BRDA:24,1,0,2
BRDA:30,2,0,68
BRDA:30,2,1,5
BRDA:30,2,2,NaN
BRDA:30,2,3,NaN
BRDA:30,2,4,NaN
BRDA:30,2,5,NaN
BRDA:42,3,0,25
BRDA:42,3,1,6
BRDA:44,4,0,25
BRDA:44,4,1,25
BRDA:44,5,0,3
BRDA:44,5,1,97
BRDA:52,6,0,2
BRDA:53,7,0,2
BRDA:53,7,1,21
BRDA:60,8,0,23
BRDA:60,8,1,4
BRDA:60,9,0,1
BRDA:60,9,1,1
BRDA:60,9,2,NaN
BRDA:62,10,0,2
BRDA:62,10,1,1
BRDA:62,10,2,NaN
BRDA:62,10,3,NaN
BRDA:62,10,4,NaN
BRF:28
BRH:20
end_of_record
TN:
SF:d:/Personal/code/farkle/src/redux/game/game.helper.spec.js
FN:2,(anonymous_1)
FN:34,(anonymous_10)
FN:5,(anonymous_11)
FN:40,(anonymous_12)
FN:43,(anonymous_13)
FN:46,(anonymous_14)
FN:49,(anonymous_15)
FN:52,(anonymous_16)
FN:39,(anonymous_17)
FNF:9
FNH:9
FNDA:1,(anonymous_1)
FNDA:1,(anonymous_10)
FNDA:1,(anonymous_11)
FNDA:1,(anonymous_12)
FNDA:1,(anonymous_13)
FNDA:1,(anonymous_14)
FNDA:1,(anonymous_15)
FNDA:1,(anonymous_16)
FNDA:1,(anonymous_17)
DA:2,1
DA:4,1
DA:5,1
DA:6,1
DA:10,1
DA:14,1
DA:18,1
DA:22,1
DA:26,1
DA:30,1
DA:36,1
DA:39,1
DA:40,1
DA:41,1
DA:43,1
DA:44,1
DA:46,1
DA:47,1
DA:49,1
DA:50,1
DA:54,1
DA:58,1
LF:22
LH:22
BRF:0
BRH:0
end_of_record
TN:
SF:d:/Personal/code/farkle/src/redux/game/game.reducer.js
FN:5,(anonymous_2)
FN:5,(anonymous_3)
FN:16,(anonymous_5)
FNF:3
FNH:3
FNDA:6,(anonymous_2)
FNDA:10,(anonymous_3)
FNDA:6,(anonymous_5)
DA:5,1
DA:6,1
DA:15,6
DA:16,2
DA:18,1
DA:19,10
LF:6
LH:6
BRDA:5,0,0,1
BRDA:5,1,0,4
BRDA:15,2,0,1
BRDA:15,2,1,NaN
BRF:4
BRH:3
end_of_record
TN:
SF:d:/Personal/code/farkle/src/redux/game/game.reducer.spec.js
FN:9,(anonymous_3)
FN:21,(anonymous_4)
FN:29,(anonymous_5)
FN:41,(anonymous_7)
FN:40,(anonymous_8)
FN:49,(anonymous_9)
FN:58,(anonymous_10)
FN:56,(anonymous_11)
FN:66,(anonymous_12)
FN:73,(anonymous_13)
FN:80,(anonymous_14)
FNF:11
FNH:11
FNDA:1,(anonymous_3)
FNDA:1,(anonymous_4)
FNDA:1,(anonymous_5)
FNDA:1,(anonymous_7)
FNDA:1,(anonymous_8)
FNDA:1,(anonymous_9)
FNDA:1,(anonymous_10)
FNDA:1,(anonymous_11)
FNDA:1,(anonymous_12)
FNDA:1,(anonymous_13)
FNDA:1,(anonymous_14)
DA:8,1
DA:9,1
DA:22,1
DA:23,1
DA:29,1
DA:30,1
DA:39,1
DA:40,1
DA:41,1
DA:48,1
DA:49,1
DA:50,1
DA:54,1
DA:56,1
DA:58,1
DA:65,1
DA:66,1
DA:67,1
DA:74,1
DA:81,1
LF:20
LH:20
BRF:0
BRH:0
end_of_record
TN:
SF:d:/Personal/code/farkle/src/redux/game/game.selectors.js
FN:3,(anonymous_2)
FN:6,(anonymous_3)
FN:11,(anonymous_4)
FN:16,(anonymous_5)
FN:21,(anonymous_6)
FNF:5
FNH:5
FNDA:1,(anonymous_2)
FNDA:3,(anonymous_3)
FNDA:1,(anonymous_4)
FNDA:1,(anonymous_5)
FNDA:2,(anonymous_6)
DA:3,7
DA:4,1
DA:6,1
DA:9,1
DA:11,1
DA:14,1
DA:16,1
DA:19,1
DA:21,3
LF:9
LH:9
BRF:0
BRH:0
end_of_record
TN:
SF:d:/Personal/code/farkle/src/redux/game/game.selectors.spec.js
FN:3,(anonymous_1)
FN:9,(anonymous_5)
FN:10,(anonymous_6)
FN:15,(anonymous_7)
FN:16,(anonymous_8)
FN:21,(anonymous_9)
FN:22,(anonymous_10)
FN:27,(anonymous_11)
FN:28,(anonymous_12)
FNF:9
FNH:9
FNDA:1,(anonymous_1)
FNDA:1,(anonymous_5)
FNDA:1,(anonymous_6)
FNDA:1,(anonymous_7)
FNDA:1,(anonymous_8)
FNDA:1,(anonymous_9)
FNDA:1,(anonymous_10)
FNDA:1,(anonymous_11)
FNDA:1,(anonymous_12)
DA:3,1
DA:9,0
DA:10,0
DA:11,0
DA:15,0
DA:16,0
DA:17,0
DA:21,0
DA:22,1
DA:23,1
DA:27,1
DA:28,1
DA:29,1
DA:33,1
DA:34,1
LF:15
LH:8
BRF:0
BRH:0
end_of_record
